<?xml version="1.0" encoding="UTF-8"?>
<!-- Generated by org.testng.reporters.JUnitReportReporter -->
<testsuite skipped="0" hostname="MeghShiv" name="com.nopcommerce.testsuite.HomePageTest" tests="1" failures="0" timestamp="2022-12-12T22:58:44 GMT" time="5.646" errors="0">
  <testcase name="verifyUserShouldNavigateToComputer" time="5.646" classname="com.nopcommerce.testsuite.HomePageTest"/>
  <system-out>
    <![CDATA[Click to see screenshot
<a target = "_blank" href=C:\Users\palak\IdeaProjects\project-5-demo.nopcommerce.com-wk-15-pfm-palakd/test-output/html/verifyUserShouldNavigateToComputerMon_Dec_12_22_58_15_GMT_2022.jpg>Screenshot</a>
<br>
Click to see screenshot
<a target = "_blank" href=C:\Users\palak\IdeaProjects\project-5-demo.nopcommerce.com-wk-15-pfm-palakd/test-output/html/verifyUserShouldNavigateToComputerMon_Dec_12_22_58_15_GMT_2022.jpg>Screenshot</a>
<br>]]>
  </system-out>
</testsuite> <!-- com.nopcommerce.testsuite.HomePageTest -->
